app/build/intermediates/manifest_merge_blame_file/release/manifest-merger-blame-release-report.txt
1<?xml version="1.0" encoding="utf-8"?>
2<manifest xmlns:android="http://schemas.android.com/apk/res/android"
3    package="com.example.a1hokey"
4    android:versionCode="1"
5    android:versionName="1.0" >
6
7    <uses-sdk
8        android:minSdkVersion="16"
8-->src\main\AndroidManifest.xml
9        android:targetSdkVersion="29" />
9-->src\main\AndroidManifest.xml
10
11    <application
11-->src\main\AndroidManifest.xml:5:5-26:19
12        android:allowBackup="true"
12-->src\main\AndroidManifest.xml:6:9-35
13        android:appComponentFactory="androidx.core.app.CoreComponentFactory"
13-->[androidx.core:core:1.1.0] AndroidManifest.xml:24:18-86
14        android:icon="@mipmap/ic_launcher"
14-->src\main\AndroidManifest.xml:7:9-43
15        android:label="@string/app_name"
15-->src\main\AndroidManifest.xml:8:9-41
16        android:roundIcon="@mipmap/ic_launcher_round"
16-->src\main\AndroidManifest.xml:9:9-54
17        android:supportsRtl="true"
17-->src\main\AndroidManifest.xml:10:9-35
18        android:theme="@style/AppTheme" >
18-->src\main\AndroidManifest.xml:11:9-40
19        <activity android:name="com.example.a1hokey.SkorEkran" />
19-->src\main\AndroidManifest.xml:12:9-56
19-->src\main\AndroidManifest.xml:12:19-44
20        <activity android:name="com.example.a1hokey.player2" />
20-->src\main\AndroidManifest.xml:13:9-45
20-->src\main\AndroidManifest.xml:13:19-42
21        <activity android:name="com.example.a1hokey.oyun" />
21-->src\main\AndroidManifest.xml:14:9-42
21-->src\main\AndroidManifest.xml:14:19-39
22        <activity android:name="com.example.a1hokey.MainActivity" >
22-->src\main\AndroidManifest.xml:15:9-21:20
22-->src\main\AndroidManifest.xml:15:19-47
23            <intent-filter>
23-->src\main\AndroidManifest.xml:16:13-20:29
24                <action android:name="android.intent.action.MAIN" />
24-->src\main\AndroidManifest.xml:17:17-69
24-->src\main\AndroidManifest.xml:17:25-66
25
26                <category android:name="android.intent.category.LAUNCHER" />
26-->src\main\AndroidManifest.xml:19:17-77
26-->src\main\AndroidManifest.xml:19:27-74
27            </intent-filter>
28        </activity>
29
30        <meta-data
30-->src\main\AndroidManifest.xml:23:9-25:57
31            android:name="preloaded_fonts"
31-->src\main\AndroidManifest.xml:24:13-43
32            android:resource="@array/preloaded_fonts" />
32-->src\main\AndroidManifest.xml:25:13-54
33    </application>
34
35</manifest>